Preflight: ✓ config ✓ hooks ✓ backend ✓ telegram ⚠ git ✓ paths ✓ tools ✓ specs (1 warning)
[2m2026-04-06T06:41:17.488451Z[0m [33m WARN[0m [2mralph::loop_runner[0m[2m:[0m Interactive mode requested but stdout is not a TTY, falling back to autonomous
[2m2026-04-06T06:41:17.489673Z[0m [32m INFO[0m [2mralph_core::event_loop[0m[2m:[0m Memory injection check: enabled=true, inject=Auto, workspace_root="/home/art/Documents/eatMe_v1"
[2m2026-04-06T06:41:17.489688Z[0m [32m INFO[0m [2mralph_core::event_loop[0m[2m:[0m Looking for memories at: "/home/art/Documents/eatMe_v1/.ralph/agent/memories.md" (exists: false)
[2m2026-04-06T06:41:17.489695Z[0m [32m INFO[0m [2mralph_core::event_loop[0m[2m:[0m Successfully loaded 0 memories from store
[2m2026-04-06T06:41:17.489698Z[0m [32m INFO[0m [2mralph_core::event_loop[0m[2m:[0m Memory store is empty - no memories to inject
[2m2026-04-06T06:52:27.711268Z[0m [32m INFO[0m [2mralph_core::event_loop[0m[2m:[0m Memory injection check: enabled=true, inject=Auto, workspace_root="/home/art/Documents/eatMe_v1"
[2m2026-04-06T06:52:27.711329Z[0m [32m INFO[0m [2mralph_core::event_loop[0m[2m:[0m Looking for memories at: "/home/art/Documents/eatMe_v1/.ralph/agent/memories.md" (exists: false)
[2m2026-04-06T06:52:27.711336Z[0m [32m INFO[0m [2mralph_core::event_loop[0m[2m:[0m Successfully loaded 0 memories from store
[2m2026-04-06T06:52:27.711340Z[0m [32m INFO[0m [2mralph_core::event_loop[0m[2m:[0m Memory store is empty - no memories to inject
[2m2026-04-06T06:52:27.711382Z[0m [32m INFO[0m [2mralph_core::event_loop[0m[2m:[0m Injecting scratchpad (2997 chars) into prompt
[2m2026-04-06T06:52:27.711481Z[0m [32m INFO[0m [2mralph_core::event_loop[0m[2m:[0m Injecting ready tasks (0 ready, 1 open, 11 closed) into prompt
[2m2026-04-06T06:55:52.373661Z[0m [32m INFO[0m [2mralph_core::event_loop[0m[2m:[0m Memory injection check: enabled=true, inject=Auto, workspace_root="/home/art/Documents/eatMe_v1"
[2m2026-04-06T06:55:52.373688Z[0m [32m INFO[0m [2mralph_core::event_loop[0m[2m:[0m Looking for memories at: "/home/art/Documents/eatMe_v1/.ralph/agent/memories.md" (exists: false)
[2m2026-04-06T06:55:52.373695Z[0m [32m INFO[0m [2mralph_core::event_loop[0m[2m:[0m Successfully loaded 0 memories from store
[2m2026-04-06T06:55:52.373699Z[0m [32m INFO[0m [2mralph_core::event_loop[0m[2m:[0m Memory store is empty - no memories to inject
[2m2026-04-06T06:55:52.373736Z[0m [32m INFO[0m [2mralph_core::event_loop[0m[2m:[0m Injecting scratchpad (2997 chars) into prompt
[2m2026-04-06T06:55:52.373831Z[0m [32m INFO[0m [2mralph_core::event_loop[0m[2m:[0m Injecting ready tasks (0 ready, 0 open, 12 closed) into prompt
[2m2026-04-06T06:59:17.341514Z[0m [32m INFO[0m [2mralph_core::event_loop[0m[2m:[0m Memory injection check: enabled=true, inject=Auto, workspace_root="/home/art/Documents/eatMe_v1"
[2m2026-04-06T06:59:17.341539Z[0m [32m INFO[0m [2mralph_core::event_loop[0m[2m:[0m Looking for memories at: "/home/art/Documents/eatMe_v1/.ralph/agent/memories.md" (exists: false)
[2m2026-04-06T06:59:17.341546Z[0m [32m INFO[0m [2mralph_core::event_loop[0m[2m:[0m Successfully loaded 0 memories from store
[2m2026-04-06T06:59:17.341551Z[0m [32m INFO[0m [2mralph_core::event_loop[0m[2m:[0m Memory store is empty - no memories to inject
[2m2026-04-06T06:59:17.341588Z[0m [32m INFO[0m [2mralph_core::event_loop[0m[2m:[0m Injecting scratchpad (4212 chars) into prompt
[2m2026-04-06T06:59:17.341682Z[0m [32m INFO[0m [2mralph_core::event_loop[0m[2m:[0m Injecting ready tasks (0 ready, 0 open, 12 closed) into prompt
[2m2026-04-06T06:59:43.621935Z[0m [32m INFO[0m [2mralph_core::event_loop[0m[2m:[0m Memory injection check: enabled=true, inject=Auto, workspace_root="/home/art/Documents/eatMe_v1"
[2m2026-04-06T06:59:43.621962Z[0m [32m INFO[0m [2mralph_core::event_loop[0m[2m:[0m Looking for memories at: "/home/art/Documents/eatMe_v1/.ralph/agent/memories.md" (exists: false)
[2m2026-04-06T06:59:43.621979Z[0m [32m INFO[0m [2mralph_core::event_loop[0m[2m:[0m Successfully loaded 0 memories from store
[2m2026-04-06T06:59:43.621982Z[0m [32m INFO[0m [2mralph_core::event_loop[0m[2m:[0m Memory store is empty - no memories to inject
[2m2026-04-06T06:59:43.622014Z[0m [32m INFO[0m [2mralph_core::event_loop[0m[2m:[0m Injecting scratchpad (4212 chars) into prompt
[2m2026-04-06T06:59:43.622101Z[0m [32m INFO[0m [2mralph_core::event_loop[0m[2m:[0m Injecting ready tasks (0 ready, 0 open, 12 closed) into prompt
[2m2026-04-06T07:00:28.228093Z[0m [32m INFO[0m [2mralph_core::event_loop[0m[2m:[0m Memory injection check: enabled=true, inject=Auto, workspace_root="/home/art/Documents/eatMe_v1"
[2m2026-04-06T07:00:28.228129Z[0m [32m INFO[0m [2mralph_core::event_loop[0m[2m:[0m Looking for memories at: "/home/art/Documents/eatMe_v1/.ralph/agent/memories.md" (exists: false)
[2m2026-04-06T07:00:28.228141Z[0m [32m INFO[0m [2mralph_core::event_loop[0m[2m:[0m Successfully loaded 0 memories from store
[2m2026-04-06T07:00:28.228150Z[0m [32m INFO[0m [2mralph_core::event_loop[0m[2m:[0m Memory store is empty - no memories to inject
[2m2026-04-06T07:00:28.228216Z[0m [32m INFO[0m [2mralph_core::event_loop[0m[2m:[0m Injecting scratchpad (4212 chars) into prompt
[2m2026-04-06T07:00:28.228366Z[0m [32m INFO[0m [2mralph_core::event_loop[0m[2m:[0m Injecting ready tasks (0 ready, 0 open, 12 closed) into prompt
[2m2026-04-06T07:01:17.313552Z[0m [32m INFO[0m [2mralph_core::event_loop[0m[2m:[0m Completion event detected in JSONL [3mtopic[0m[2m=[0mLOOP_COMPLETE
[2m2026-04-06T07:01:17.313748Z[0m [32m INFO[0m [2mralph_core::event_loop[0m[2m:[0m Completion event detected - terminating
[2m2026-04-06T07:01:17.313759Z[0m [32m INFO[0m [2mralph::loop_runner[0m[2m:[0m Completion event LOOP_COMPLETE detected.
[2m2026-04-06T07:01:17.313785Z[0m [32m INFO[0m [2mralph_core::event_loop[0m[2m:[0m Wrapping up: completed. 6 iterations in 19m 59s. [3mreason[0m[2m=[0mcompleted [3miterations[0m[2m=[0m6 [3mduration[0m[2m=[0m19m 59s
[2m2026-04-06T07:01:17.316643Z[0m [32m INFO[0m [2mralph_core::landing[0m[2m:[0m Beginning landing sequence [3mloop_id[0m[2m=[0mprimary
[2m2026-04-06T07:01:17.358049Z[0m [32m INFO[0m [2mralph_core::landing[0m[2m:[0m Auto-committed changes during landing [3mloop_id[0m[2m=[0mprimary [3mcommit[0m[2m=[0mSome("0ec0f8da42934b527fe7ce8d80543ead5a16fc14") [3mfiles[0m[2m=[0m22
[2m2026-04-06T07:01:18.225052Z[0m [32m INFO[0m [2mralph_core::landing[0m[2m:[0m Generated handoff file [3mloop_id[0m[2m=[0mprimary [3mpath[0m[2m=[0m/home/art/Documents/eatMe_v1/.ralph/agent/handoff.md [3mcompleted[0m[2m=[0m12 [3mopen[0m[2m=[0m0
[2m2026-04-06T07:01:18.231904Z[0m [32m INFO[0m [2mralph_core::loop_completion[0m[2m:[0m Landing completed with auto-commit [3mcommit[0m[2m=[0mSome("0ec0f8da42934b527fe7ce8d80543ead5a16fc14") [3mhandoff[0m[2m=[0m/home/art/Documents/eatMe_v1/.ralph/agent/handoff.md
[2m2026-04-06T07:01:18.231925Z[0m [32m INFO[0m [2mralph::loop_runner[0m[2m:[0m Primary loop landed successfully [3mcommitted[0m[2m=[0mtrue [3mhandoff[0m[2m=[0m/home/art/Documents/eatMe_v1/.ralph/agent/handoff.md [3mopen_tasks[0m[2m=[0m0
