Preflight: ✓ config ✓ hooks ✓ backend ✓ telegram ⚠ git ✓ paths ✓ tools ✓ specs (1 warning)
[2m2026-04-06T02:03:23.268290Z[0m [33m WARN[0m [2mralph::loop_runner[0m[2m:[0m Interactive mode requested but stdout is not a TTY, falling back to autonomous
[2m2026-04-06T02:03:23.269961Z[0m [32m INFO[0m [2mralph_core::event_loop[0m[2m:[0m Memory injection check: enabled=true, inject=Auto, workspace_root="/home/art/Documents/eatMe_v1"
[2m2026-04-06T02:03:23.269977Z[0m [32m INFO[0m [2mralph_core::event_loop[0m[2m:[0m Looking for memories at: "/home/art/Documents/eatMe_v1/.ralph/agent/memories.md" (exists: false)
[2m2026-04-06T02:03:23.269983Z[0m [32m INFO[0m [2mralph_core::event_loop[0m[2m:[0m Successfully loaded 0 memories from store
[2m2026-04-06T02:03:23.269987Z[0m [32m INFO[0m [2mralph_core::event_loop[0m[2m:[0m Memory store is empty - no memories to inject
[2m2026-04-06T02:23:25.578418Z[0m [32m INFO[0m [2mralph_core::event_loop[0m[2m:[0m Memory injection check: enabled=true, inject=Auto, workspace_root="/home/art/Documents/eatMe_v1"
[2m2026-04-06T02:23:25.578496Z[0m [32m INFO[0m [2mralph_core::event_loop[0m[2m:[0m Looking for memories at: "/home/art/Documents/eatMe_v1/.ralph/agent/memories.md" (exists: false)
[2m2026-04-06T02:23:25.578510Z[0m [32m INFO[0m [2mralph_core::event_loop[0m[2m:[0m Successfully loaded 0 memories from store
[2m2026-04-06T02:23:25.578519Z[0m [32m INFO[0m [2mralph_core::event_loop[0m[2m:[0m Memory store is empty - no memories to inject
[2m2026-04-06T02:25:52.006880Z[0m [32m INFO[0m [2mralph_core::event_loop[0m[2m:[0m Memory injection check: enabled=true, inject=Auto, workspace_root="/home/art/Documents/eatMe_v1"
[2m2026-04-06T02:25:52.006915Z[0m [32m INFO[0m [2mralph_core::event_loop[0m[2m:[0m Looking for memories at: "/home/art/Documents/eatMe_v1/.ralph/agent/memories.md" (exists: false)
[2m2026-04-06T02:25:52.006928Z[0m [32m INFO[0m [2mralph_core::event_loop[0m[2m:[0m Successfully loaded 0 memories from store
[2m2026-04-06T02:25:52.006941Z[0m [32m INFO[0m [2mralph_core::event_loop[0m[2m:[0m Memory store is empty - no memories to inject
[2m2026-04-06T02:28:45.890620Z[0m [32m INFO[0m [2mralph_core::event_loop[0m[2m:[0m Memory injection check: enabled=true, inject=Auto, workspace_root="/home/art/Documents/eatMe_v1"
[2m2026-04-06T02:28:45.890650Z[0m [32m INFO[0m [2mralph_core::event_loop[0m[2m:[0m Looking for memories at: "/home/art/Documents/eatMe_v1/.ralph/agent/memories.md" (exists: false)
[2m2026-04-06T02:28:45.890658Z[0m [32m INFO[0m [2mralph_core::event_loop[0m[2m:[0m Successfully loaded 0 memories from store
[2m2026-04-06T02:28:45.890669Z[0m [32m INFO[0m [2mralph_core::event_loop[0m[2m:[0m Memory store is empty - no memories to inject
[2m2026-04-06T02:29:26.253063Z[0m [32m INFO[0m [2mralph_core::event_loop[0m[2m:[0m Completion event detected in JSONL [3mtopic[0m[2m=[0mLOOP_COMPLETE
[2m2026-04-06T02:29:26.253125Z[0m [32m INFO[0m [2mralph_core::event_loop[0m[2m:[0m Completion event detected - terminating
[2m2026-04-06T02:29:26.253139Z[0m [32m INFO[0m [2mralph::loop_runner[0m[2m:[0m Completion event LOOP_COMPLETE detected.
[2m2026-04-06T02:29:26.253178Z[0m [32m INFO[0m [2mralph_core::event_loop[0m[2m:[0m Wrapping up: completed. 4 iterations in 26m 2s. [3mreason[0m[2m=[0mcompleted [3miterations[0m[2m=[0m4 [3mduration[0m[2m=[0m26m 2s
[2m2026-04-06T02:29:26.256248Z[0m [32m INFO[0m [2mralph_core::landing[0m[2m:[0m Beginning landing sequence [3mloop_id[0m[2m=[0mprimary
