[2m2026-04-04T23:11:35.775616Z[0m [33m WARN[0m [2mralph::loop_runner[0m[2m:[0m Interactive mode requested but stdout is not a TTY, falling back to autonomous
[2m2026-04-04T23:11:35.776274Z[0m [32m INFO[0m [2mralph_core::event_loop[0m[2m:[0m Memory injection check: enabled=true, inject=Auto, workspace_root="/home/art/Documents/eatMe_v1"
[2m2026-04-04T23:11:35.776289Z[0m [32m INFO[0m [2mralph_core::event_loop[0m[2m:[0m Looking for memories at: "/home/art/Documents/eatMe_v1/.ralph/agent/memories.md" (exists: false)
[2m2026-04-04T23:11:35.776298Z[0m [32m INFO[0m [2mralph_core::event_loop[0m[2m:[0m Successfully loaded 0 memories from store
[2m2026-04-04T23:11:35.776303Z[0m [32m INFO[0m [2mralph_core::event_loop[0m[2m:[0m Memory store is empty - no memories to inject
[2m2026-04-04T23:14:04.088409Z[0m [32m INFO[0m [2mralph_core::event_loop[0m[2m:[0m Memory injection check: enabled=true, inject=Auto, workspace_root="/home/art/Documents/eatMe_v1"
[2m2026-04-04T23:14:04.088438Z[0m [32m INFO[0m [2mralph_core::event_loop[0m[2m:[0m Looking for memories at: "/home/art/Documents/eatMe_v1/.ralph/agent/memories.md" (exists: false)
[2m2026-04-04T23:14:04.088447Z[0m [32m INFO[0m [2mralph_core::event_loop[0m[2m:[0m Successfully loaded 0 memories from store
[2m2026-04-04T23:14:04.088452Z[0m [32m INFO[0m [2mralph_core::event_loop[0m[2m:[0m Memory store is empty - no memories to inject
[2m2026-04-04T23:14:04.088501Z[0m [32m INFO[0m [2mralph_core::event_loop[0m[2m:[0m Injecting scratchpad (869 chars) into prompt
[2m2026-04-04T23:14:04.088596Z[0m [32m INFO[0m [2mralph_core::event_loop[0m[2m:[0m Injecting ready tasks (1 ready, 2 open, 0 closed) into prompt
[2m2026-04-04T23:18:32.071021Z[0m [32m INFO[0m [2mralph_core::event_loop[0m[2m:[0m Memory injection check: enabled=true, inject=Auto, workspace_root="/home/art/Documents/eatMe_v1"
[2m2026-04-04T23:18:32.071052Z[0m [32m INFO[0m [2mralph_core::event_loop[0m[2m:[0m Looking for memories at: "/home/art/Documents/eatMe_v1/.ralph/agent/memories.md" (exists: false)
[2m2026-04-04T23:18:32.071060Z[0m [32m INFO[0m [2mralph_core::event_loop[0m[2m:[0m Successfully loaded 0 memories from store
[2m2026-04-04T23:18:32.071072Z[0m [32m INFO[0m [2mralph_core::event_loop[0m[2m:[0m Memory store is empty - no memories to inject
[2m2026-04-04T23:18:32.071111Z[0m [32m INFO[0m [2mralph_core::event_loop[0m[2m:[0m Injecting scratchpad (1786 chars) into prompt
[2m2026-04-04T23:18:32.071196Z[0m [32m INFO[0m [2mralph_core::event_loop[0m[2m:[0m Injecting ready tasks (0 ready, 1 open, 1 closed) into prompt
[2m2026-04-04T23:19:36.481005Z[0m [32m INFO[0m [2mralph_core::event_loop[0m[2m:[0m Memory injection check: enabled=true, inject=Auto, workspace_root="/home/art/Documents/eatMe_v1"
[2m2026-04-04T23:19:36.481034Z[0m [32m INFO[0m [2mralph_core::event_loop[0m[2m:[0m Looking for memories at: "/home/art/Documents/eatMe_v1/.ralph/agent/memories.md" (exists: false)
[2m2026-04-04T23:19:36.481045Z[0m [32m INFO[0m [2mralph_core::event_loop[0m[2m:[0m Successfully loaded 0 memories from store
[2m2026-04-04T23:19:36.481050Z[0m [32m INFO[0m [2mralph_core::event_loop[0m[2m:[0m Memory store is empty - no memories to inject
[2m2026-04-04T23:19:36.481088Z[0m [32m INFO[0m [2mralph_core::event_loop[0m[2m:[0m Injecting scratchpad (2322 chars) into prompt
[2m2026-04-04T23:19:36.481169Z[0m [32m INFO[0m [2mralph_core::event_loop[0m[2m:[0m Injecting ready tasks (0 ready, 0 open, 2 closed) into prompt
[2m2026-04-04T23:21:25.725518Z[0m [32m INFO[0m [2mralph_core::event_loop[0m[2m:[0m Memory injection check: enabled=true, inject=Auto, workspace_root="/home/art/Documents/eatMe_v1"
[2m2026-04-04T23:21:25.725566Z[0m [32m INFO[0m [2mralph_core::event_loop[0m[2m:[0m Looking for memories at: "/home/art/Documents/eatMe_v1/.ralph/agent/memories.md" (exists: false)
[2m2026-04-04T23:21:25.725584Z[0m [32m INFO[0m [2mralph_core::event_loop[0m[2m:[0m Successfully loaded 0 memories from store
[2m2026-04-04T23:21:25.725609Z[0m [32m INFO[0m [2mralph_core::event_loop[0m[2m:[0m Memory store is empty - no memories to inject
[2m2026-04-04T23:21:25.725679Z[0m [32m INFO[0m [2mralph_core::event_loop[0m[2m:[0m Injecting scratchpad (3081 chars) into prompt
[2m2026-04-04T23:21:25.725833Z[0m [32m INFO[0m [2mralph_core::event_loop[0m[2m:[0m Injecting ready tasks (1 ready, 1 open, 2 closed) into prompt
[2m2026-04-04T23:24:27.751270Z[0m [32m INFO[0m [2mralph_core::event_loop[0m[2m:[0m Memory injection check: enabled=true, inject=Auto, workspace_root="/home/art/Documents/eatMe_v1"
[2m2026-04-04T23:24:27.751309Z[0m [32m INFO[0m [2mralph_core::event_loop[0m[2m:[0m Looking for memories at: "/home/art/Documents/eatMe_v1/.ralph/agent/memories.md" (exists: false)
[2m2026-04-04T23:24:27.751322Z[0m [32m INFO[0m [2mralph_core::event_loop[0m[2m:[0m Successfully loaded 0 memories from store
[2m2026-04-04T23:24:27.751329Z[0m [32m INFO[0m [2mralph_core::event_loop[0m[2m:[0m Memory store is empty - no memories to inject
[2m2026-04-04T23:24:27.751371Z[0m [32m INFO[0m [2mralph_core::event_loop[0m[2m:[0m Injecting scratchpad (4350 chars) into prompt
[2m2026-04-04T23:24:27.751474Z[0m [32m INFO[0m [2mralph_core::event_loop[0m[2m:[0m Injecting ready tasks (0 ready, 0 open, 3 closed) into prompt
[2m2026-04-04T23:25:01.130965Z[0m [32m INFO[0m [2mralph_core::event_loop[0m[2m:[0m Memory injection check: enabled=true, inject=Auto, workspace_root="/home/art/Documents/eatMe_v1"
[2m2026-04-04T23:25:01.131002Z[0m [32m INFO[0m [2mralph_core::event_loop[0m[2m:[0m Looking for memories at: "/home/art/Documents/eatMe_v1/.ralph/agent/memories.md" (exists: false)
[2m2026-04-04T23:25:01.131013Z[0m [32m INFO[0m [2mralph_core::event_loop[0m[2m:[0m Successfully loaded 0 memories from store
[2m2026-04-04T23:25:01.131020Z[0m [32m INFO[0m [2mralph_core::event_loop[0m[2m:[0m Memory store is empty - no memories to inject
[2m2026-04-04T23:25:01.131070Z[0m [32m INFO[0m [2mralph_core::event_loop[0m[2m:[0m Injecting scratchpad (4861 chars) into prompt
[2m2026-04-04T23:25:01.131167Z[0m [32m INFO[0m [2mralph_core::event_loop[0m[2m:[0m Injecting ready tasks (0 ready, 0 open, 3 closed) into prompt
[2m2026-04-04T23:25:57.683807Z[0m [32m INFO[0m [2mralph_core::event_loop[0m[2m:[0m Memory injection check: enabled=true, inject=Auto, workspace_root="/home/art/Documents/eatMe_v1"
[2m2026-04-04T23:25:57.683841Z[0m [32m INFO[0m [2mralph_core::event_loop[0m[2m:[0m Looking for memories at: "/home/art/Documents/eatMe_v1/.ralph/agent/memories.md" (exists: false)
[2m2026-04-04T23:25:57.683853Z[0m [32m INFO[0m [2mralph_core::event_loop[0m[2m:[0m Successfully loaded 0 memories from store
[2m2026-04-04T23:25:57.683862Z[0m [32m INFO[0m [2mralph_core::event_loop[0m[2m:[0m Memory store is empty - no memories to inject
[2m2026-04-04T23:25:57.683905Z[0m [32m INFO[0m [2mralph_core::event_loop[0m[2m:[0m Injecting scratchpad (5699 chars) into prompt
[2m2026-04-04T23:25:57.684052Z[0m [32m INFO[0m [2mralph_core::event_loop[0m[2m:[0m Injecting ready tasks (1 ready, 1 open, 3 closed) into prompt
[2m2026-04-04T23:31:11.087841Z[0m [32m INFO[0m [2mralph_core::event_loop[0m[2m:[0m Memory injection check: enabled=true, inject=Auto, workspace_root="/home/art/Documents/eatMe_v1"
[2m2026-04-04T23:31:11.087878Z[0m [32m INFO[0m [2mralph_core::event_loop[0m[2m:[0m Looking for memories at: "/home/art/Documents/eatMe_v1/.ralph/agent/memories.md" (exists: false)
[2m2026-04-04T23:31:11.087891Z[0m [32m INFO[0m [2mralph_core::event_loop[0m[2m:[0m Successfully loaded 0 memories from store
[2m2026-04-04T23:31:11.087900Z[0m [32m INFO[0m [2mralph_core::event_loop[0m[2m:[0m Memory store is empty - no memories to inject
[2m2026-04-04T23:31:11.087951Z[0m [32m INFO[0m [2mralph_core::event_loop[0m[2m:[0m Injecting scratchpad (7137 chars) into prompt
[2m2026-04-04T23:31:11.088071Z[0m [32m INFO[0m [2mralph_core::event_loop[0m[2m:[0m Injecting ready tasks (0 ready, 0 open, 4 closed) into prompt
[2m2026-04-04T23:32:28.497949Z[0m [32m INFO[0m [2mralph_core::event_loop[0m[2m:[0m Completion event detected in JSONL [3mtopic[0m[2m=[0mREVIEW_COMPLETE
[2m2026-04-04T23:32:28.498071Z[0m [32m INFO[0m [2mralph_core::event_loop[0m[2m:[0m Completion event detected - terminating
[2m2026-04-04T23:32:28.498079Z[0m [32m INFO[0m [2mralph::loop_runner[0m[2m:[0m Completion event REVIEW_COMPLETE detected.
[2m2026-04-04T23:32:28.498099Z[0m [32m INFO[0m [2mralph_core::event_loop[0m[2m:[0m Wrapping up: completed. 9 iterations in 20m 52s. [3mreason[0m[2m=[0mcompleted [3miterations[0m[2m=[0m9 [3mduration[0m[2m=[0m20m 52s
[2m2026-04-04T23:32:28.501395Z[0m [32m INFO[0m [2mralph_core::landing[0m[2m:[0m Beginning landing sequence [3mloop_id[0m[2m=[0mprimary
[2m2026-04-04T23:32:28.501481Z[0m [33m WARN[0m [2mralph_core::landing[0m[2m:[0m Landing with 2 open tasks [3mloop_id[0m[2m=[0mprimary [3mopen_tasks[0m[2m=[0m["task-1775344105-6981", "task-1775344110-cb84"]
